{
  "level": "info",
  "method": "POST",
  "path": "/api/v1/news/upload",
  "query": "",
  "host": "localhost:8080",
  "request_uri": "/api/v1/news/upload",
  "content-type": "multipart/form-data; boundary=--------------------------953908297060212844989331",
  "headers": {
    "Accept": [
      "*/*"
    ],
    "Accept-Encoding": [
      "gzip, deflate, br"
    ],
    "Connection": [
      "keep-alive"
    ],
    "Content-Length": [
      "26398"
    ],
    "Content-Type": [
      "multipart/form-data; boundary=--------------------------953908297060212844989331"
    ],
    "Postman-Token": [
      "57b54214-8683-497e-919b-5bd6e6e065a0"
    ],
    "User-Agent": [
      "PostmanRuntime/7.51.0"
    ]
  },
  "body": {
    "files": [
      {
        "file_name": "Funny Corgi Faces.jpeg",
        "file_size": 26070,
        "form_field": "image",
        "mime_type": "image/jpeg"
      }
    ],
    "test": "mjsa"
  },
  "status": 200,
  "duration_ms": 0,
  "time": "2026-01-25T12:02:13+07:00",
  "message": "HTTP request logged"
}
